  Administrator.cpp
C:\Users\oneup\source\repos\KyleMoore_Assignment7\KyleMoore_Assignment7\salariedemployee.h(29,2): error C2504: 'Employee': base class undefined
C:\Users\oneup\source\repos\KyleMoore_Assignment7\KyleMoore_Assignment7\administrator.h(28,5): error C2504: 'SalariedEmployee': base class undefined
C:\Users\oneup\source\repos\KyleMoore_Assignment7\KyleMoore_Assignment7\Administrator.cpp(29,11): error C2614: 'SavitchEmployees::Administrator': illegal member initialization: 'SalariedEmployee' is not a base or member
C:\Users\oneup\source\repos\KyleMoore_Assignment7\KyleMoore_Assignment7\Administrator.cpp(38,11): error C2614: 'SavitchEmployees::Administrator': illegal member initialization: 'SalariedEmployee' is not a base or member
C:\Users\oneup\source\repos\KyleMoore_Assignment7\KyleMoore_Assignment7\Administrator.cpp(52,62): error C3861: 'getName': identifier not found
C:\Users\oneup\source\repos\KyleMoore_Assignment7\KyleMoore_Assignment7\Administrator.cpp(64,45): error C3861: 'getName': identifier not found
C:\Users\oneup\source\repos\KyleMoore_Assignment7\KyleMoore_Assignment7\Administrator.cpp(73,19): error C2065: 'salary': undeclared identifier
C:\Users\oneup\source\repos\KyleMoore_Assignment7\KyleMoore_Assignment7\Administrator.cpp(73,9): error C3861: 'setNetPay': identifier not found
C:\Users\oneup\source\repos\KyleMoore_Assignment7\KyleMoore_Assignment7\Administrator.cpp(75,43): error C3861: 'getName': identifier not found
C:\Users\oneup\source\repos\KyleMoore_Assignment7\KyleMoore_Assignment7\Administrator.cpp(76,35): error C3861: 'getNetPay': identifier not found
C:\Users\oneup\source\repos\KyleMoore_Assignment7\KyleMoore_Assignment7\Administrator.cpp(79,40): error C3861: 'getSsn': identifier not found
C:\Users\oneup\source\repos\KyleMoore_Assignment7\KyleMoore_Assignment7\Administrator.cpp(80,72): error C2065: 'salary': undeclared identifier
  KyleMoore_Assignment7.cpp
C:\Users\oneup\source\repos\KyleMoore_Assignment7\KyleMoore_Assignment7\KyleMoore_Assignment7.cpp(15,30): error C2871: 'KyleMoore': a namespace with this name does not exist
C:\Users\oneup\source\repos\KyleMoore_Assignment7\KyleMoore_Assignment7\KyleMoore_Assignment7.cpp(19,9): error C2065: 'cout': undeclared identifier
C:\Users\oneup\source\repos\KyleMoore_Assignment7\KyleMoore_Assignment7\KyleMoore_Assignment7.cpp(20,9): error C2065: 'cout': undeclared identifier
C:\Users\oneup\source\repos\KyleMoore_Assignment7\KyleMoore_Assignment7\KyleMoore_Assignment7.cpp(21,9): error C2065: 'cout': undeclared identifier
C:\Users\oneup\source\repos\KyleMoore_Assignment7\KyleMoore_Assignment7\KyleMoore_Assignment7.cpp(23,9): error C2065: 'Administrator': undeclared identifier
C:\Users\oneup\source\repos\KyleMoore_Assignment7\KyleMoore_Assignment7\KyleMoore_Assignment7.cpp(23,23): error C2146: syntax error: missing ';' before identifier 'admin'
C:\Users\oneup\source\repos\KyleMoore_Assignment7\KyleMoore_Assignment7\KyleMoore_Assignment7.cpp(23,23): error C3861: 'admin': identifier not found
C:\Users\oneup\source\repos\KyleMoore_Assignment7\KyleMoore_Assignment7\KyleMoore_Assignment7.cpp(25,9): error C2065: 'admin': undeclared identifier
C:\Users\oneup\source\repos\KyleMoore_Assignment7\KyleMoore_Assignment7\KyleMoore_Assignment7.cpp(27,9): error C2065: 'admin': undeclared identifier
C:\Users\oneup\source\repos\KyleMoore_Assignment7\KyleMoore_Assignment7\KyleMoore_Assignment7.cpp(29,9): error C2065: 'admin': undeclared identifier
C:\Users\oneup\source\repos\KyleMoore_Assignment7\KyleMoore_Assignment7\KyleMoore_Assignment7.cpp(34,9): error C2065: 'cout': undeclared identifier
  SalariedEmployee.cpp
C:\Users\oneup\source\repos\KyleMoore_Assignment7\KyleMoore_Assignment7\SalariedEmployee.h(29,2): error C2504: 'Employee': base class undefined
C:\Users\oneup\source\repos\KyleMoore_Assignment7\KyleMoore_Assignment7\SalariedEmployee.cpp(26,41): error C2614: 'employeessavitch::SalariedEmployee': illegal member initialization: 'Employee' is not a base or member
C:\Users\oneup\source\repos\KyleMoore_Assignment7\KyleMoore_Assignment7\SalariedEmployee.cpp(32,5): error C2614: 'employeessavitch::SalariedEmployee': illegal member initialization: 'Employee' is not a base or member
C:\Users\oneup\source\repos\KyleMoore_Assignment7\KyleMoore_Assignment7\SalariedEmployee.cpp(49,3): error C3861: 'set_net_pay': identifier not found
C:\Users\oneup\source\repos\KyleMoore_Assignment7\KyleMoore_Assignment7\SalariedEmployee.cpp(51,37): error C3861: 'get_name': identifier not found
C:\Users\oneup\source\repos\KyleMoore_Assignment7\KyleMoore_Assignment7\SalariedEmployee.cpp(52,28): error C3861: 'get_net_pay': identifier not found
C:\Users\oneup\source\repos\KyleMoore_Assignment7\KyleMoore_Assignment7\SalariedEmployee.cpp(54,3): error C2146: syntax error: missing ';' before identifier 'cout'
C:\Users\oneup\source\repos\KyleMoore_Assignment7\KyleMoore_Assignment7\SalariedEmployee.cpp(55,34): error C3861: 'get_ssn': identifier not found
C:\Users\oneup\source\repos\KyleMoore_Assignment7\KyleMoore_Assignment7\SalariedEmployee.cpp(58,2): error C2143: syntax error: missing ';' before '}'
  Generating Code...
